
*** Running vivado
    with args -log projectHW_selectio_wiz_ADCDATA_9to6_0.vds -m64 -product Vivado -mode batch -messageDb vivado.pb -notrace -source projectHW_selectio_wiz_ADCDATA_9to6_0.tcl



****** Vivado v2021.1 (64-bit)
  **** SW Build 3247384 on Thu Jun 10 19:36:33 MDT 2021
  **** IP Build 3246043 on Fri Jun 11 00:30:35 MDT 2021
    ** Copyright 1986-2021 Xilinx, Inc. All Rights Reserved.

source projectHW_selectio_wiz_ADCDATA_9to6_0.tcl -notrace
Command: synth_design -top projectHW_selectio_wiz_ADCDATA_9to6_0 -part xc7z020clg400-1 -mode out_of_context
Starting synth_design
Attempting to get a license for feature 'Synthesis' and/or device 'xc7z020'
INFO: [Common 17-349] Got license for feature 'Synthesis' and/or device 'xc7z020'
INFO: [Device 21-403] Loading part xc7z020clg400-1
INFO: [Synth 8-7079] Multithreading enabled for synth_design using a maximum of 2 processes.
INFO: [Synth 8-7078] Launching helper process for spawning children vivado processes
INFO: [Synth 8-7075] Helper process launched with PID 23992
---------------------------------------------------------------------------------
Starting RTL Elaboration : Time (s): cpu = 00:00:04 ; elapsed = 00:00:04 . Memory (MB): peak = 1125.066 ; gain = 0.000
---------------------------------------------------------------------------------
INFO: [Synth 8-6157] synthesizing module 'projectHW_selectio_wiz_ADCDATA_9to6_0' [c:/Users/shtomer/WIS_work/WIP/build_Test/projectHW_ADC_build/projectHW/projectHW.gen/sources_1/bd/projectHW/ip/projectHW_selectio_wiz_ADCDATA_9to6_0/projectHW_selectio_wiz_ADCDATA_9to6_0.v:58]
INFO: [Synth 8-6157] synthesizing module 'projectHW_selectio_wiz_ADCDATA_9to6_0_selectio_wiz' [c:/Users/shtomer/WIS_work/WIP/build_Test/projectHW_ADC_build/projectHW/projectHW.gen/sources_1/bd/projectHW/ip/projectHW_selectio_wiz_ADCDATA_9to6_0/projectHW_selectio_wiz_ADCDATA_9to6_0_selectio_wiz.v:56]
	Parameter SYS_W bound to: 6 - type: integer 
	Parameter DEV_W bound to: 12 - type: integer 
INFO: [Synth 8-6157] synthesizing module 'IBUFDS' [C:/Xilinx/Vivado/2021.1/scripts/rt/data/unisim_comp.v:51672]
	Parameter DIFF_TERM bound to: FALSE - type: string 
	Parameter IOSTANDARD bound to: LVDS_25 - type: string 
INFO: [Synth 8-6155] done synthesizing module 'IBUFDS' (1#1) [C:/Xilinx/Vivado/2021.1/scripts/rt/data/unisim_comp.v:51672]
INFO: [Synth 8-6157] synthesizing module 'IDDR' [C:/Xilinx/Vivado/2021.1/scripts/rt/data/unisim_comp.v:53631]
	Parameter DDR_CLK_EDGE bound to: SAME_EDGE_PIPELINED - type: string 
	Parameter INIT_Q1 bound to: 1'b0 
	Parameter INIT_Q2 bound to: 1'b0 
	Parameter SRTYPE bound to: ASYNC - type: string 
INFO: [Synth 8-6155] done synthesizing module 'IDDR' (2#1) [C:/Xilinx/Vivado/2021.1/scripts/rt/data/unisim_comp.v:53631]
INFO: [Synth 8-6155] done synthesizing module 'projectHW_selectio_wiz_ADCDATA_9to6_0_selectio_wiz' (3#1) [c:/Users/shtomer/WIS_work/WIP/build_Test/projectHW_ADC_build/projectHW/projectHW.gen/sources_1/bd/projectHW/ip/projectHW_selectio_wiz_ADCDATA_9to6_0/projectHW_selectio_wiz_ADCDATA_9to6_0_selectio_wiz.v:56]
INFO: [Synth 8-6155] done synthesizing module 'projectHW_selectio_wiz_ADCDATA_9to6_0' (4#1) [c:/Users/shtomer/WIS_work/WIP/build_Test/projectHW_ADC_build/projectHW/projectHW.gen/sources_1/bd/projectHW/ip/projectHW_selectio_wiz_ADCDATA_9to6_0/projectHW_selectio_wiz_ADCDATA_9to6_0.v:58]
---------------------------------------------------------------------------------
Finished RTL Elaboration : Time (s): cpu = 00:00:05 ; elapsed = 00:00:05 . Memory (MB): peak = 1125.066 ; gain = 0.000
---------------------------------------------------------------------------------
---------------------------------------------------------------------------------
Start Handling Custom Attributes
---------------------------------------------------------------------------------
---------------------------------------------------------------------------------
Finished Handling Custom Attributes : Time (s): cpu = 00:00:06 ; elapsed = 00:00:06 . Memory (MB): peak = 1125.066 ; gain = 0.000
---------------------------------------------------------------------------------
---------------------------------------------------------------------------------
Finished RTL Optimization Phase 1 : Time (s): cpu = 00:00:06 ; elapsed = 00:00:06 . Memory (MB): peak = 1125.066 ; gain = 0.000
---------------------------------------------------------------------------------
Netlist sorting complete. Time (s): cpu = 00:00:00 ; elapsed = 00:00:00.001 . Memory (MB): peak = 1125.066 ; gain = 0.000
INFO: [Netlist 29-17] Analyzing 12 Unisim elements for replacement
INFO: [Netlist 29-28] Unisim Transformation completed in 0 CPU seconds
INFO: [Project 1-570] Preparing netlist for logic optimization

Processing XDC Constraints
Initializing timing engine
Parsing XDC File [c:/Users/shtomer/WIS_work/WIP/build_Test/projectHW_ADC_build/projectHW/projectHW.gen/sources_1/bd/projectHW/ip/projectHW_selectio_wiz_ADCDATA_9to6_0/projectHW_selectio_wiz_ADCDATA_9to6_0_ooc.xdc] for cell 'inst'
Finished Parsing XDC File [c:/Users/shtomer/WIS_work/WIP/build_Test/projectHW_ADC_build/projectHW/projectHW.gen/sources_1/bd/projectHW/ip/projectHW_selectio_wiz_ADCDATA_9to6_0/projectHW_selectio_wiz_ADCDATA_9to6_0_ooc.xdc] for cell 'inst'
INFO: [Project 1-236] Implementation specific constraints were found while reading constraint file [c:/Users/shtomer/WIS_work/WIP/build_Test/projectHW_ADC_build/projectHW/projectHW.gen/sources_1/bd/projectHW/ip/projectHW_selectio_wiz_ADCDATA_9to6_0/projectHW_selectio_wiz_ADCDATA_9to6_0_ooc.xdc]. These constraints will be ignored for synthesis but will be used in implementation. Impacted constraints are listed in the file [.Xil/projectHW_selectio_wiz_ADCDATA_9to6_0_propImpl.xdc].
Resolution: To avoid this warning, move constraints listed in [.Xil/projectHW_selectio_wiz_ADCDATA_9to6_0_propImpl.xdc] to another XDC file and exclude this new file from synthesis with the used_in_synthesis property (File Properties dialog in GUI) and re-run elaboration/synthesis.
Parsing XDC File [c:/Users/shtomer/WIS_work/WIP/build_Test/projectHW_ADC_build/projectHW/projectHW.gen/sources_1/bd/projectHW/ip/projectHW_selectio_wiz_ADCDATA_9to6_0/projectHW_selectio_wiz_ADCDATA_9to6_0.xdc] for cell 'inst'
Finished Parsing XDC File [c:/Users/shtomer/WIS_work/WIP/build_Test/projectHW_ADC_build/projectHW/projectHW.gen/sources_1/bd/projectHW/ip/projectHW_selectio_wiz_ADCDATA_9to6_0/projectHW_selectio_wiz_ADCDATA_9to6_0.xdc] for cell 'inst'
Parsing XDC File [C:/Users/shtomer/WIS_work/WIP/build_Test/projectHW_ADC_build/projectHW/projectHW.runs/projectHW_selectio_wiz_ADCDATA_9to6_0_synth_1/dont_touch.xdc]
Finished Parsing XDC File [C:/Users/shtomer/WIS_work/WIP/build_Test/projectHW_ADC_build/projectHW/projectHW.runs/projectHW_selectio_wiz_ADCDATA_9to6_0_synth_1/dont_touch.xdc]
Completed Processing XDC Constraints

Netlist sorting complete. Time (s): cpu = 00:00:00 ; elapsed = 00:00:00 . Memory (MB): peak = 1125.066 ; gain = 0.000
INFO: [Project 1-111] Unisim Transformation Summary:
No Unisim elements were transformed.

Constraint Validation Runtime : Time (s): cpu = 00:00:00 ; elapsed = 00:00:00.018 . Memory (MB): peak = 1125.066 ; gain = 0.000
---------------------------------------------------------------------------------
Finished Constraint Validation : Time (s): cpu = 00:00:12 ; elapsed = 00:00:12 . Memory (MB): peak = 1125.066 ; gain = 0.000
---------------------------------------------------------------------------------
---------------------------------------------------------------------------------
Start Loading Part and Timing Information
---------------------------------------------------------------------------------
Loading part: xc7z020clg400-1
---------------------------------------------------------------------------------
Finished Loading Part and Timing Information : Time (s): cpu = 00:00:12 ; elapsed = 00:00:12 . Memory (MB): peak = 1125.066 ; gain = 0.000
---------------------------------------------------------------------------------
---------------------------------------------------------------------------------
Start Applying 'set_property' XDC Constraints
---------------------------------------------------------------------------------
Applied set_property KEEP_HIERARCHY = SOFT for inst. (constraint file  C:/Users/shtomer/WIS_work/WIP/build_Test/projectHW_ADC_build/projectHW/projectHW.runs/projectHW_selectio_wiz_ADCDATA_9to6_0_synth_1/dont_touch.xdc, line 9).
---------------------------------------------------------------------------------
Finished applying 'set_property' XDC Constraints : Time (s): cpu = 00:00:12 ; elapsed = 00:00:12 . Memory (MB): peak = 1125.066 ; gain = 0.000
---------------------------------------------------------------------------------
---------------------------------------------------------------------------------
Finished RTL Optimization Phase 2 : Time (s): cpu = 00:00:12 ; elapsed = 00:00:13 . Memory (MB): peak = 1125.066 ; gain = 0.000
---------------------------------------------------------------------------------
---------------------------------------------------------------------------------
Start RTL Component Statistics 
---------------------------------------------------------------------------------
Detailed RTL Component Info : 
---------------------------------------------------------------------------------
Finished RTL Component Statistics 
---------------------------------------------------------------------------------
---------------------------------------------------------------------------------
Start Part Resource Summary
---------------------------------------------------------------------------------
Part Resources:
DSPs: 220 (col length:60)
BRAMs: 280 (col length: RAMB18 60 RAMB36 30)
---------------------------------------------------------------------------------
Finished Part Resource Summary
---------------------------------------------------------------------------------
---------------------------------------------------------------------------------
Start Cross Boundary and Area Optimization
---------------------------------------------------------------------------------
---------------------------------------------------------------------------------
Finished Cross Boundary and Area Optimization : Time (s): cpu = 00:00:13 ; elapsed = 00:00:14 . Memory (MB): peak = 1125.066 ; gain = 0.000
---------------------------------------------------------------------------------
---------------------------------------------------------------------------------
Start Applying XDC Timing Constraints
---------------------------------------------------------------------------------
---------------------------------------------------------------------------------
Finished Applying XDC Timing Constraints : Time (s): cpu = 00:00:19 ; elapsed = 00:00:20 . Memory (MB): peak = 1125.066 ; gain = 0.000
---------------------------------------------------------------------------------
---------------------------------------------------------------------------------
Start Timing Optimization
---------------------------------------------------------------------------------
---------------------------------------------------------------------------------
Finished Timing Optimization : Time (s): cpu = 00:00:19 ; elapsed = 00:00:20 . Memory (MB): peak = 1125.066 ; gain = 0.000
---------------------------------------------------------------------------------
---------------------------------------------------------------------------------
Start Technology Mapping
---------------------------------------------------------------------------------
---------------------------------------------------------------------------------
Finished Technology Mapping : Time (s): cpu = 00:00:19 ; elapsed = 00:00:20 . Memory (MB): peak = 1125.066 ; gain = 0.000
---------------------------------------------------------------------------------
---------------------------------------------------------------------------------
Start IO Insertion
---------------------------------------------------------------------------------
---------------------------------------------------------------------------------
Start Flattening Before IO Insertion
---------------------------------------------------------------------------------
---------------------------------------------------------------------------------
Finished Flattening Before IO Insertion
---------------------------------------------------------------------------------
---------------------------------------------------------------------------------
Start Final Netlist Cleanup
---------------------------------------------------------------------------------
---------------------------------------------------------------------------------
Finished Final Netlist Cleanup
---------------------------------------------------------------------------------
---------------------------------------------------------------------------------
Finished IO Insertion : Time (s): cpu = 00:00:22 ; elapsed = 00:00:23 . Memory (MB): peak = 1125.066 ; gain = 0.000
---------------------------------------------------------------------------------
---------------------------------------------------------------------------------
Start Renaming Generated Instances
---------------------------------------------------------------------------------
---------------------------------------------------------------------------------
Finished Renaming Generated Instances : Time (s): cpu = 00:00:22 ; elapsed = 00:00:23 . Memory (MB): peak = 1125.066 ; gain = 0.000
---------------------------------------------------------------------------------
---------------------------------------------------------------------------------
Start Rebuilding User Hierarchy
---------------------------------------------------------------------------------
---------------------------------------------------------------------------------
Finished Rebuilding User Hierarchy : Time (s): cpu = 00:00:22 ; elapsed = 00:00:23 . Memory (MB): peak = 1125.066 ; gain = 0.000
---------------------------------------------------------------------------------
---------------------------------------------------------------------------------
Start Renaming Generated Ports
---------------------------------------------------------------------------------
---------------------------------------------------------------------------------
Finished Renaming Generated Ports : Time (s): cpu = 00:00:22 ; elapsed = 00:00:23 . Memory (MB): peak = 1125.066 ; gain = 0.000
---------------------------------------------------------------------------------
---------------------------------------------------------------------------------
Start Handling Custom Attributes
---------------------------------------------------------------------------------
---------------------------------------------------------------------------------
Finished Handling Custom Attributes : Time (s): cpu = 00:00:22 ; elapsed = 00:00:23 . Memory (MB): peak = 1125.066 ; gain = 0.000
---------------------------------------------------------------------------------
---------------------------------------------------------------------------------
Start Renaming Generated Nets
---------------------------------------------------------------------------------
---------------------------------------------------------------------------------
Finished Renaming Generated Nets : Time (s): cpu = 00:00:22 ; elapsed = 00:00:23 . Memory (MB): peak = 1125.066 ; gain = 0.000
---------------------------------------------------------------------------------
---------------------------------------------------------------------------------
Start Writing Synthesis Report
---------------------------------------------------------------------------------

Report BlackBoxes: 
+-+--------------+----------+
| |BlackBox name |Instances |
+-+--------------+----------+
+-+--------------+----------+

Report Cell Usage: 
+------+-------+------+
|      |Cell   |Count |
+------+-------+------+
|1     |IDDR   |     6|
|2     |IBUFDS |     6|
+------+-------+------+
---------------------------------------------------------------------------------
Finished Writing Synthesis Report : Time (s): cpu = 00:00:22 ; elapsed = 00:00:23 . Memory (MB): peak = 1125.066 ; gain = 0.000
---------------------------------------------------------------------------------
Synthesis finished with 0 errors, 0 critical warnings and 0 warnings.
Synthesis Optimization Runtime : Time (s): cpu = 00:00:14 ; elapsed = 00:00:21 . Memory (MB): peak = 1125.066 ; gain = 0.000
Synthesis Optimization Complete : Time (s): cpu = 00:00:22 ; elapsed = 00:00:23 . Memory (MB): peak = 1125.066 ; gain = 0.000
INFO: [Project 1-571] Translating synthesized netlist
Netlist sorting complete. Time (s): cpu = 00:00:00 ; elapsed = 00:00:00 . Memory (MB): peak = 1125.066 ; gain = 0.000
INFO: [Netlist 29-17] Analyzing 12 Unisim elements for replacement
INFO: [Netlist 29-28] Unisim Transformation completed in 0 CPU seconds
INFO: [Project 1-570] Preparing netlist for logic optimization
INFO: [Opt 31-138] Pushed 0 inverter(s) to 0 load pin(s).
Netlist sorting complete. Time (s): cpu = 00:00:00 ; elapsed = 00:00:00 . Memory (MB): peak = 1135.500 ; gain = 0.000
INFO: [Project 1-111] Unisim Transformation Summary:
No Unisim elements were transformed.

Synth Design complete, checksum: 50b8a4b1
INFO: [Common 17-83] Releasing license: Synthesis
25 Infos, 0 Warnings, 0 Critical Warnings and 0 Errors encountered.
synth_design completed successfully
synth_design: Time (s): cpu = 00:00:26 ; elapsed = 00:00:29 . Memory (MB): peak = 1135.500 ; gain = 10.434
INFO: [Common 17-600] The following parameters have non-default value.
tcl.collectionResultDisplayLimit
INFO: [Common 17-1381] The checkpoint 'C:/Users/shtomer/WIS_work/WIP/build_Test/projectHW_ADC_build/projectHW/projectHW.runs/projectHW_selectio_wiz_ADCDATA_9to6_0_synth_1/projectHW_selectio_wiz_ADCDATA_9to6_0.dcp' has been generated.
INFO: [Coretcl 2-1648] Added synthesis output to IP cache for IP projectHW_selectio_wiz_ADCDATA_9to6_0, cache-ID = e0b93d9ed7bc6c3f
INFO: [Common 17-1381] The checkpoint 'C:/Users/shtomer/WIS_work/WIP/build_Test/projectHW_ADC_build/projectHW/projectHW.runs/projectHW_selectio_wiz_ADCDATA_9to6_0_synth_1/projectHW_selectio_wiz_ADCDATA_9to6_0.dcp' has been generated.
INFO: [runtcl-4] Executing : report_utilization -file projectHW_selectio_wiz_ADCDATA_9to6_0_utilization_synth.rpt -pb projectHW_selectio_wiz_ADCDATA_9to6_0_utilization_synth.pb
INFO: [Common 17-206] Exiting Vivado at Sun Jun 28 08:51:18 2026...
