
*** Running vivado
    with args -log projectHW_FPGA_CLK_BUF_0.vds -m64 -product Vivado -mode batch -messageDb vivado.pb -notrace -source projectHW_FPGA_CLK_BUF_0.tcl



****** Vivado v2021.1 (64-bit)
  **** SW Build 3247384 on Thu Jun 10 19:36:33 MDT 2021
  **** IP Build 3246043 on Fri Jun 11 00:30:35 MDT 2021
    ** Copyright 1986-2021 Xilinx, Inc. All Rights Reserved.

source projectHW_FPGA_CLK_BUF_0.tcl -notrace
Command: synth_design -top projectHW_FPGA_CLK_BUF_0 -part xc7z020clg400-1 -mode out_of_context
Starting synth_design
Attempting to get a license for feature 'Synthesis' and/or device 'xc7z020'
INFO: [Common 17-349] Got license for feature 'Synthesis' and/or device 'xc7z020'
INFO: [Device 21-403] Loading part xc7z020clg400-1
INFO: [Synth 8-7079] Multithreading enabled for synth_design using a maximum of 2 processes.
INFO: [Synth 8-7078] Launching helper process for spawning children vivado processes
INFO: [Synth 8-7075] Helper process launched with PID 99620
---------------------------------------------------------------------------------
Starting RTL Elaboration : Time (s): cpu = 00:00:06 ; elapsed = 00:00:06 . Memory (MB): peak = 1144.859 ; gain = 0.000
---------------------------------------------------------------------------------
INFO: [Synth 8-638] synthesizing module 'projectHW_FPGA_CLK_BUF_0' [c:/Users/shtomer/WIS_work/WIP/build_Test/projectHW_ADC_build/adc/adc.gen/sources_1/bd/projectHW/ip/projectHW_FPGA_CLK_BUF_0/synth/projectHW_FPGA_CLK_BUF_0.vhd:64]
	Parameter C_BUF_TYPE bound to: IBUFDS - type: string 
	Parameter C_SIZE bound to: 1 - type: integer 
	Parameter C_BUFGCE_DIV bound to: 1 - type: integer 
	Parameter C_BUFG_GT_SYNC bound to: 0 - type: integer 
	Parameter C_SIM_DEVICE bound to: VERSAL_AI_CORE_ES1 - type: string 
	Parameter C_OBUFDS_GTE5_ADV bound to: 2'b00 
	Parameter C_REFCLK_ICNTL_TX bound to: 5'b00000 
INFO: [Synth 8-3491] module 'util_ds_buf' declared at 'c:/Users/shtomer/WIS_work/WIP/build_Test/projectHW_ADC_build/adc/adc.gen/sources_1/bd/projectHW/ip/projectHW_FPGA_CLK_BUF_0/util_ds_buf.vhd:72' bound to instance 'U0' of component 'util_ds_buf' [c:/Users/shtomer/WIS_work/WIP/build_Test/projectHW_ADC_build/adc/adc.gen/sources_1/bd/projectHW/ip/projectHW_FPGA_CLK_BUF_0/synth/projectHW_FPGA_CLK_BUF_0.vhd:195]
INFO: [Synth 8-638] synthesizing module 'util_ds_buf' [c:/Users/shtomer/WIS_work/WIP/build_Test/projectHW_ADC_build/adc/adc.gen/sources_1/bd/projectHW/ip/projectHW_FPGA_CLK_BUF_0/util_ds_buf.vhd:243]
INFO: [Synth 8-113] binding component instance 'IBUFDS_I' to cell 'IBUFDS' [c:/Users/shtomer/WIS_work/WIP/build_Test/projectHW_ADC_build/adc/adc.gen/sources_1/bd/projectHW/ip/projectHW_FPGA_CLK_BUF_0/util_ds_buf.vhd:368]
INFO: [Synth 8-256] done synthesizing module 'util_ds_buf' (1#1) [c:/Users/shtomer/WIS_work/WIP/build_Test/projectHW_ADC_build/adc/adc.gen/sources_1/bd/projectHW/ip/projectHW_FPGA_CLK_BUF_0/util_ds_buf.vhd:243]
INFO: [Synth 8-256] done synthesizing module 'projectHW_FPGA_CLK_BUF_0' (2#1) [c:/Users/shtomer/WIS_work/WIP/build_Test/projectHW_ADC_build/adc/adc.gen/sources_1/bd/projectHW/ip/projectHW_FPGA_CLK_BUF_0/synth/projectHW_FPGA_CLK_BUF_0.vhd:64]
---------------------------------------------------------------------------------
Finished RTL Elaboration : Time (s): cpu = 00:00:07 ; elapsed = 00:00:08 . Memory (MB): peak = 1144.859 ; gain = 0.000
---------------------------------------------------------------------------------
---------------------------------------------------------------------------------
Start Handling Custom Attributes
---------------------------------------------------------------------------------
---------------------------------------------------------------------------------
Finished Handling Custom Attributes : Time (s): cpu = 00:00:07 ; elapsed = 00:00:09 . Memory (MB): peak = 1144.859 ; gain = 0.000
---------------------------------------------------------------------------------
---------------------------------------------------------------------------------
Finished RTL Optimization Phase 1 : Time (s): cpu = 00:00:07 ; elapsed = 00:00:09 . Memory (MB): peak = 1144.859 ; gain = 0.000
---------------------------------------------------------------------------------
Netlist sorting complete. Time (s): cpu = 00:00:00 ; elapsed = 00:00:00.001 . Memory (MB): peak = 1144.859 ; gain = 0.000
INFO: [Netlist 29-17] Analyzing 1 Unisim elements for replacement
INFO: [Netlist 29-28] Unisim Transformation completed in 0 CPU seconds
INFO: [Project 1-570] Preparing netlist for logic optimization

Processing XDC Constraints
Initializing timing engine
Parsing XDC File [c:/Users/shtomer/WIS_work/WIP/build_Test/projectHW_ADC_build/adc/adc.gen/sources_1/bd/projectHW/ip/projectHW_FPGA_CLK_BUF_0/projectHW_FPGA_CLK_BUF_0_ooc.xdc] for cell 'U0'
Finished Parsing XDC File [c:/Users/shtomer/WIS_work/WIP/build_Test/projectHW_ADC_build/adc/adc.gen/sources_1/bd/projectHW/ip/projectHW_FPGA_CLK_BUF_0/projectHW_FPGA_CLK_BUF_0_ooc.xdc] for cell 'U0'
Parsing XDC File [c:/Users/shtomer/WIS_work/WIP/build_Test/projectHW_ADC_build/adc/adc.gen/sources_1/bd/projectHW/ip/projectHW_FPGA_CLK_BUF_0/projectHW_FPGA_CLK_BUF_0_board.xdc] for cell 'U0'
Finished Parsing XDC File [c:/Users/shtomer/WIS_work/WIP/build_Test/projectHW_ADC_build/adc/adc.gen/sources_1/bd/projectHW/ip/projectHW_FPGA_CLK_BUF_0/projectHW_FPGA_CLK_BUF_0_board.xdc] for cell 'U0'
Parsing XDC File [C:/Users/shtomer/WIS_work/WIP/build_Test/projectHW_ADC_build/adc/adc.runs/projectHW_FPGA_CLK_BUF_0_synth_1/dont_touch.xdc]
Finished Parsing XDC File [C:/Users/shtomer/WIS_work/WIP/build_Test/projectHW_ADC_build/adc/adc.runs/projectHW_FPGA_CLK_BUF_0_synth_1/dont_touch.xdc]
Completed Processing XDC Constraints

Netlist sorting complete. Time (s): cpu = 00:00:00 ; elapsed = 00:00:00 . Memory (MB): peak = 1144.859 ; gain = 0.000
INFO: [Project 1-111] Unisim Transformation Summary:
No Unisim elements were transformed.

Constraint Validation Runtime : Time (s): cpu = 00:00:01 ; elapsed = 00:00:00.040 . Memory (MB): peak = 1144.859 ; gain = 0.000
---------------------------------------------------------------------------------
Finished Constraint Validation : Time (s): cpu = 00:00:14 ; elapsed = 00:00:23 . Memory (MB): peak = 1144.859 ; gain = 0.000
---------------------------------------------------------------------------------
---------------------------------------------------------------------------------
Start Loading Part and Timing Information
---------------------------------------------------------------------------------
Loading part: xc7z020clg400-1
---------------------------------------------------------------------------------
Finished Loading Part and Timing Information : Time (s): cpu = 00:00:14 ; elapsed = 00:00:23 . Memory (MB): peak = 1144.859 ; gain = 0.000
---------------------------------------------------------------------------------
---------------------------------------------------------------------------------
Start Applying 'set_property' XDC Constraints
---------------------------------------------------------------------------------
Applied set_property KEEP_HIERARCHY = SOFT for U0. (constraint file  C:/Users/shtomer/WIS_work/WIP/build_Test/projectHW_ADC_build/adc/adc.runs/projectHW_FPGA_CLK_BUF_0_synth_1/dont_touch.xdc, line 9).
---------------------------------------------------------------------------------
Finished applying 'set_property' XDC Constraints : Time (s): cpu = 00:00:14 ; elapsed = 00:00:23 . Memory (MB): peak = 1144.859 ; gain = 0.000
---------------------------------------------------------------------------------
---------------------------------------------------------------------------------
Finished RTL Optimization Phase 2 : Time (s): cpu = 00:00:15 ; elapsed = 00:00:24 . Memory (MB): peak = 1144.859 ; gain = 0.000
---------------------------------------------------------------------------------
---------------------------------------------------------------------------------
Start RTL Component Statistics 
---------------------------------------------------------------------------------
Detailed RTL Component Info : 
---------------------------------------------------------------------------------
Finished RTL Component Statistics 
---------------------------------------------------------------------------------
---------------------------------------------------------------------------------
Start Part Resource Summary
---------------------------------------------------------------------------------
Part Resources:
DSPs: 220 (col length:60)
BRAMs: 280 (col length: RAMB18 60 RAMB36 30)
---------------------------------------------------------------------------------
Finished Part Resource Summary
---------------------------------------------------------------------------------
---------------------------------------------------------------------------------
Start Cross Boundary and Area Optimization
---------------------------------------------------------------------------------
---------------------------------------------------------------------------------
Finished Cross Boundary and Area Optimization : Time (s): cpu = 00:00:16 ; elapsed = 00:00:26 . Memory (MB): peak = 1144.859 ; gain = 0.000
---------------------------------------------------------------------------------
---------------------------------------------------------------------------------
Start Applying XDC Timing Constraints
---------------------------------------------------------------------------------
---------------------------------------------------------------------------------
Finished Applying XDC Timing Constraints : Time (s): cpu = 00:00:23 ; elapsed = 00:00:35 . Memory (MB): peak = 1144.859 ; gain = 0.000
---------------------------------------------------------------------------------
---------------------------------------------------------------------------------
Start Timing Optimization
---------------------------------------------------------------------------------
---------------------------------------------------------------------------------
Finished Timing Optimization : Time (s): cpu = 00:00:23 ; elapsed = 00:00:35 . Memory (MB): peak = 1144.859 ; gain = 0.000
---------------------------------------------------------------------------------
---------------------------------------------------------------------------------
Start Technology Mapping
---------------------------------------------------------------------------------
---------------------------------------------------------------------------------
Finished Technology Mapping : Time (s): cpu = 00:00:23 ; elapsed = 00:00:35 . Memory (MB): peak = 1144.859 ; gain = 0.000
---------------------------------------------------------------------------------
---------------------------------------------------------------------------------
Start IO Insertion
---------------------------------------------------------------------------------
---------------------------------------------------------------------------------
Start Flattening Before IO Insertion
---------------------------------------------------------------------------------
---------------------------------------------------------------------------------
Finished Flattening Before IO Insertion
---------------------------------------------------------------------------------
---------------------------------------------------------------------------------
Start Final Netlist Cleanup
---------------------------------------------------------------------------------
---------------------------------------------------------------------------------
Finished Final Netlist Cleanup
---------------------------------------------------------------------------------
---------------------------------------------------------------------------------
Finished IO Insertion : Time (s): cpu = 00:00:26 ; elapsed = 00:00:39 . Memory (MB): peak = 1144.859 ; gain = 0.000
---------------------------------------------------------------------------------
---------------------------------------------------------------------------------
Start Renaming Generated Instances
---------------------------------------------------------------------------------
---------------------------------------------------------------------------------
Finished Renaming Generated Instances : Time (s): cpu = 00:00:26 ; elapsed = 00:00:39 . Memory (MB): peak = 1144.859 ; gain = 0.000
---------------------------------------------------------------------------------
---------------------------------------------------------------------------------
Start Rebuilding User Hierarchy
---------------------------------------------------------------------------------
---------------------------------------------------------------------------------
Finished Rebuilding User Hierarchy : Time (s): cpu = 00:00:26 ; elapsed = 00:00:39 . Memory (MB): peak = 1144.859 ; gain = 0.000
---------------------------------------------------------------------------------
---------------------------------------------------------------------------------
Start Renaming Generated Ports
---------------------------------------------------------------------------------
---------------------------------------------------------------------------------
Finished Renaming Generated Ports : Time (s): cpu = 00:00:26 ; elapsed = 00:00:39 . Memory (MB): peak = 1144.859 ; gain = 0.000
---------------------------------------------------------------------------------
---------------------------------------------------------------------------------
Start Handling Custom Attributes
---------------------------------------------------------------------------------
---------------------------------------------------------------------------------
Finished Handling Custom Attributes : Time (s): cpu = 00:00:26 ; elapsed = 00:00:39 . Memory (MB): peak = 1144.859 ; gain = 0.000
---------------------------------------------------------------------------------
---------------------------------------------------------------------------------
Start Renaming Generated Nets
---------------------------------------------------------------------------------
---------------------------------------------------------------------------------
Finished Renaming Generated Nets : Time (s): cpu = 00:00:26 ; elapsed = 00:00:39 . Memory (MB): peak = 1144.859 ; gain = 0.000
---------------------------------------------------------------------------------
---------------------------------------------------------------------------------
Start Writing Synthesis Report
---------------------------------------------------------------------------------

Report BlackBoxes: 
+-+--------------+----------+
| |BlackBox name |Instances |
+-+--------------+----------+
+-+--------------+----------+

Report Cell Usage: 
+------+-------+------+
|      |Cell   |Count |
+------+-------+------+
|1     |IBUFDS |     1|
+------+-------+------+
---------------------------------------------------------------------------------
Finished Writing Synthesis Report : Time (s): cpu = 00:00:26 ; elapsed = 00:00:39 . Memory (MB): peak = 1144.859 ; gain = 0.000
---------------------------------------------------------------------------------
Synthesis finished with 0 errors, 0 critical warnings and 0 warnings.
Synthesis Optimization Runtime : Time (s): cpu = 00:00:17 ; elapsed = 00:00:33 . Memory (MB): peak = 1144.859 ; gain = 0.000
Synthesis Optimization Complete : Time (s): cpu = 00:00:27 ; elapsed = 00:00:39 . Memory (MB): peak = 1144.859 ; gain = 0.000
INFO: [Project 1-571] Translating synthesized netlist
Netlist sorting complete. Time (s): cpu = 00:00:00 ; elapsed = 00:00:00 . Memory (MB): peak = 1144.859 ; gain = 0.000
INFO: [Netlist 29-17] Analyzing 1 Unisim elements for replacement
INFO: [Netlist 29-28] Unisim Transformation completed in 0 CPU seconds
INFO: [Project 1-570] Preparing netlist for logic optimization
INFO: [Opt 31-138] Pushed 0 inverter(s) to 0 load pin(s).
Netlist sorting complete. Time (s): cpu = 00:00:00 ; elapsed = 00:00:00 . Memory (MB): peak = 1144.859 ; gain = 0.000
INFO: [Project 1-111] Unisim Transformation Summary:
No Unisim elements were transformed.

Synth Design complete, checksum: 1e5a9ea6
INFO: [Common 17-83] Releasing license: Synthesis
22 Infos, 0 Warnings, 0 Critical Warnings and 0 Errors encountered.
synth_design completed successfully
synth_design: Time (s): cpu = 00:00:31 ; elapsed = 00:00:45 . Memory (MB): peak = 1144.859 ; gain = 0.000
INFO: [Common 17-1381] The checkpoint 'C:/Users/shtomer/WIS_work/WIP/build_Test/projectHW_ADC_build/adc/adc.runs/projectHW_FPGA_CLK_BUF_0_synth_1/projectHW_FPGA_CLK_BUF_0.dcp' has been generated.
INFO: [Coretcl 2-1648] Added synthesis output to IP cache for IP projectHW_FPGA_CLK_BUF_0, cache-ID = 10c9d346f88f3b9b
INFO: [Common 17-1381] The checkpoint 'C:/Users/shtomer/WIS_work/WIP/build_Test/projectHW_ADC_build/adc/adc.runs/projectHW_FPGA_CLK_BUF_0_synth_1/projectHW_FPGA_CLK_BUF_0.dcp' has been generated.
INFO: [runtcl-4] Executing : report_utilization -file projectHW_FPGA_CLK_BUF_0_utilization_synth.rpt -pb projectHW_FPGA_CLK_BUF_0_utilization_synth.pb
INFO: [Common 17-206] Exiting Vivado at Mon Jun 29 12:03:14 2026...
