
*** Running vivado
    with args -log projectHW_dds_compiler_0_0.vds -m64 -product Vivado -mode batch -messageDb vivado.pb -notrace -source projectHW_dds_compiler_0_0.tcl



****** Vivado v2021.1 (64-bit)
  **** SW Build 3247384 on Thu Jun 10 19:36:33 MDT 2021
  **** IP Build 3246043 on Fri Jun 11 00:30:35 MDT 2021
    ** Copyright 1986-2021 Xilinx, Inc. All Rights Reserved.

source projectHW_dds_compiler_0_0.tcl -notrace
Command: synth_design -top projectHW_dds_compiler_0_0 -part xc7z020clg400-1 -mode out_of_context
Starting synth_design
Attempting to get a license for feature 'Synthesis' and/or device 'xc7z020'
INFO: [Common 17-349] Got license for feature 'Synthesis' and/or device 'xc7z020'
INFO: [Device 21-403] Loading part xc7z020clg400-1
INFO: [Synth 8-7079] Multithreading enabled for synth_design using a maximum of 2 processes.
INFO: [Synth 8-7078] Launching helper process for spawning children vivado processes
INFO: [Synth 8-7075] Helper process launched with PID 99560
---------------------------------------------------------------------------------
Starting RTL Elaboration : Time (s): cpu = 00:00:08 ; elapsed = 00:00:08 . Memory (MB): peak = 1136.480 ; gain = 0.000
---------------------------------------------------------------------------------
INFO: [Synth 8-638] synthesizing module 'projectHW_dds_compiler_0_0' [c:/Users/shtomer/WIS_work/WIP/build_Test/projectHW_ADC_build/adc/adc.gen/sources_1/bd/projectHW/ip/projectHW_dds_compiler_0_0/synth/projectHW_dds_compiler_0_0.vhd:69]
WARNING: [Synth 8-5640] Port 'debug_axi_pinc_in' is missing in component declaration [c:/Users/shtomer/WIS_work/WIP/build_Test/projectHW_ADC_build/adc/adc.gen/sources_1/bd/projectHW/ip/projectHW_dds_compiler_0_0/synth/projectHW_dds_compiler_0_0.vhd:72]
WARNING: [Synth 8-5640] Port 'debug_axi_poff_in' is missing in component declaration [c:/Users/shtomer/WIS_work/WIP/build_Test/projectHW_ADC_build/adc/adc.gen/sources_1/bd/projectHW/ip/projectHW_dds_compiler_0_0/synth/projectHW_dds_compiler_0_0.vhd:72]
WARNING: [Synth 8-5640] Port 'debug_axi_resync_in' is missing in component declaration [c:/Users/shtomer/WIS_work/WIP/build_Test/projectHW_ADC_build/adc/adc.gen/sources_1/bd/projectHW/ip/projectHW_dds_compiler_0_0/synth/projectHW_dds_compiler_0_0.vhd:72]
WARNING: [Synth 8-5640] Port 'debug_axi_chan_in' is missing in component declaration [c:/Users/shtomer/WIS_work/WIP/build_Test/projectHW_ADC_build/adc/adc.gen/sources_1/bd/projectHW/ip/projectHW_dds_compiler_0_0/synth/projectHW_dds_compiler_0_0.vhd:72]
WARNING: [Synth 8-5640] Port 'debug_core_nd' is missing in component declaration [c:/Users/shtomer/WIS_work/WIP/build_Test/projectHW_ADC_build/adc/adc.gen/sources_1/bd/projectHW/ip/projectHW_dds_compiler_0_0/synth/projectHW_dds_compiler_0_0.vhd:72]
WARNING: [Synth 8-5640] Port 'debug_phase' is missing in component declaration [c:/Users/shtomer/WIS_work/WIP/build_Test/projectHW_ADC_build/adc/adc.gen/sources_1/bd/projectHW/ip/projectHW_dds_compiler_0_0/synth/projectHW_dds_compiler_0_0.vhd:72]
WARNING: [Synth 8-5640] Port 'debug_phase_nd' is missing in component declaration [c:/Users/shtomer/WIS_work/WIP/build_Test/projectHW_ADC_build/adc/adc.gen/sources_1/bd/projectHW/ip/projectHW_dds_compiler_0_0/synth/projectHW_dds_compiler_0_0.vhd:72]
	Parameter C_XDEVICEFAMILY bound to: zynq - type: string 
	Parameter C_MODE_OF_OPERATION bound to: 0 - type: integer 
	Parameter C_MODULUS bound to: 9 - type: integer 
	Parameter C_ACCUMULATOR_WIDTH bound to: 32 - type: integer 
	Parameter C_CHANNELS bound to: 1 - type: integer 
	Parameter C_HAS_PHASE_OUT bound to: 0 - type: integer 
	Parameter C_HAS_PHASEGEN bound to: 1 - type: integer 
	Parameter C_HAS_SINCOS bound to: 1 - type: integer 
	Parameter C_LATENCY bound to: 8 - type: integer 
	Parameter C_MEM_TYPE bound to: 1 - type: integer 
	Parameter C_NEGATIVE_COSINE bound to: 0 - type: integer 
	Parameter C_NEGATIVE_SINE bound to: 0 - type: integer 
	Parameter C_NOISE_SHAPING bound to: 0 - type: integer 
	Parameter C_OUTPUTS_REQUIRED bound to: 2 - type: integer 
	Parameter C_OUTPUT_FORM bound to: 0 - type: integer 
	Parameter C_OUTPUT_WIDTH bound to: 16 - type: integer 
	Parameter C_PHASE_ANGLE_WIDTH bound to: 16 - type: integer 
	Parameter C_PHASE_INCREMENT bound to: 1 - type: integer 
	Parameter C_PHASE_INCREMENT_VALUE bound to: 0,0,0,0,0,0,0,0,0,0,0,0,0,0,0,0 - type: string 
	Parameter C_RESYNC bound to: 0 - type: integer 
	Parameter C_PHASE_OFFSET bound to: 1 - type: integer 
	Parameter C_PHASE_OFFSET_VALUE bound to: 0,0,0,0,0,0,0,0,0,0,0,0,0,0,0,0 - type: string 
	Parameter C_OPTIMISE_GOAL bound to: 0 - type: integer 
	Parameter C_USE_DSP48 bound to: 0 - type: integer 
	Parameter C_POR_MODE bound to: 0 - type: integer 
	Parameter C_AMPLITUDE bound to: 0 - type: integer 
	Parameter C_HAS_ACLKEN bound to: 0 - type: integer 
	Parameter C_HAS_ARESETN bound to: 0 - type: integer 
	Parameter C_HAS_TLAST bound to: 0 - type: integer 
	Parameter C_HAS_TREADY bound to: 0 - type: integer 
	Parameter C_HAS_S_PHASE bound to: 0 - type: integer 
	Parameter C_S_PHASE_TDATA_WIDTH bound to: 1 - type: integer 
	Parameter C_S_PHASE_HAS_TUSER bound to: 0 - type: integer 
	Parameter C_S_PHASE_TUSER_WIDTH bound to: 1 - type: integer 
	Parameter C_HAS_S_CONFIG bound to: 1 - type: integer 
	Parameter C_S_CONFIG_SYNC_MODE bound to: 0 - type: integer 
	Parameter C_S_CONFIG_TDATA_WIDTH bound to: 64 - type: integer 
	Parameter C_HAS_M_DATA bound to: 1 - type: integer 
	Parameter C_M_DATA_TDATA_WIDTH bound to: 32 - type: integer 
	Parameter C_M_DATA_HAS_TUSER bound to: 0 - type: integer 
	Parameter C_M_DATA_TUSER_WIDTH bound to: 1 - type: integer 
	Parameter C_HAS_M_PHASE bound to: 0 - type: integer 
	Parameter C_M_PHASE_TDATA_WIDTH bound to: 1 - type: integer 
	Parameter C_M_PHASE_HAS_TUSER bound to: 0 - type: integer 
	Parameter C_M_PHASE_TUSER_WIDTH bound to: 1 - type: integer 
	Parameter C_DEBUG_INTERFACE bound to: 0 - type: integer 
	Parameter C_CHAN_WIDTH bound to: 1 - type: integer 
INFO: [Synth 8-3491] module 'dds_compiler_v6_0_21' declared at 'c:/Users/shtomer/WIS_work/WIP/build_Test/projectHW_ADC_build/adc/adc.gen/sources_1/bd/projectHW/ipshared/7e37/hdl/dds_compiler_v6_0_vh_rfs.vhd:47308' bound to instance 'U0' of component 'dds_compiler_v6_0_21' [c:/Users/shtomer/WIS_work/WIP/build_Test/projectHW_ADC_build/adc/adc.gen/sources_1/bd/projectHW/ip/projectHW_dds_compiler_0_0/synth/projectHW_dds_compiler_0_0.vhd:182]
INFO: [Synth 8-256] done synthesizing module 'projectHW_dds_compiler_0_0' (9#1) [c:/Users/shtomer/WIS_work/WIP/build_Test/projectHW_ADC_build/adc/adc.gen/sources_1/bd/projectHW/ip/projectHW_dds_compiler_0_0/synth/projectHW_dds_compiler_0_0.vhd:69]
---------------------------------------------------------------------------------
Finished RTL Elaboration : Time (s): cpu = 00:00:22 ; elapsed = 00:00:41 . Memory (MB): peak = 1148.961 ; gain = 12.480
---------------------------------------------------------------------------------
---------------------------------------------------------------------------------
Start Handling Custom Attributes
---------------------------------------------------------------------------------
---------------------------------------------------------------------------------
Finished Handling Custom Attributes : Time (s): cpu = 00:00:23 ; elapsed = 00:00:44 . Memory (MB): peak = 1148.961 ; gain = 12.480
---------------------------------------------------------------------------------
---------------------------------------------------------------------------------
Finished RTL Optimization Phase 1 : Time (s): cpu = 00:00:23 ; elapsed = 00:00:44 . Memory (MB): peak = 1148.961 ; gain = 12.480
---------------------------------------------------------------------------------
Netlist sorting complete. Time (s): cpu = 00:00:00 ; elapsed = 00:00:00.014 . Memory (MB): peak = 1148.961 ; gain = 0.000
INFO: [Project 1-570] Preparing netlist for logic optimization

Processing XDC Constraints
Initializing timing engine
Parsing XDC File [c:/Users/shtomer/WIS_work/WIP/build_Test/projectHW_ADC_build/adc/adc.gen/sources_1/bd/projectHW/ip/projectHW_dds_compiler_0_0/projectHW_dds_compiler_0_0_ooc.xdc] for cell 'U0'
Finished Parsing XDC File [c:/Users/shtomer/WIS_work/WIP/build_Test/projectHW_ADC_build/adc/adc.gen/sources_1/bd/projectHW/ip/projectHW_dds_compiler_0_0/projectHW_dds_compiler_0_0_ooc.xdc] for cell 'U0'
Parsing XDC File [C:/Users/shtomer/WIS_work/WIP/build_Test/projectHW_ADC_build/adc/adc.runs/projectHW_dds_compiler_0_0_synth_1/dont_touch.xdc]
Finished Parsing XDC File [C:/Users/shtomer/WIS_work/WIP/build_Test/projectHW_ADC_build/adc/adc.runs/projectHW_dds_compiler_0_0_synth_1/dont_touch.xdc]
Completed Processing XDC Constraints

Netlist sorting complete. Time (s): cpu = 00:00:00 ; elapsed = 00:00:00.001 . Memory (MB): peak = 1217.012 ; gain = 0.000
INFO: [Project 1-111] Unisim Transformation Summary:
No Unisim elements were transformed.

Constraint Validation Runtime : Time (s): cpu = 00:00:00 ; elapsed = 00:00:00.038 . Memory (MB): peak = 1218.379 ; gain = 1.367
---------------------------------------------------------------------------------
Finished Constraint Validation : Time (s): cpu = 00:00:29 ; elapsed = 00:00:53 . Memory (MB): peak = 1218.379 ; gain = 81.898
---------------------------------------------------------------------------------
---------------------------------------------------------------------------------
Start Loading Part and Timing Information
---------------------------------------------------------------------------------
Loading part: xc7z020clg400-1
---------------------------------------------------------------------------------
Finished Loading Part and Timing Information : Time (s): cpu = 00:00:29 ; elapsed = 00:00:53 . Memory (MB): peak = 1218.379 ; gain = 81.898
---------------------------------------------------------------------------------
---------------------------------------------------------------------------------
Start Applying 'set_property' XDC Constraints
---------------------------------------------------------------------------------
Applied set_property KEEP_HIERARCHY = SOFT for U0. (constraint file  C:/Users/shtomer/WIS_work/WIP/build_Test/projectHW_ADC_build/adc/adc.runs/projectHW_dds_compiler_0_0_synth_1/dont_touch.xdc, line 9).
---------------------------------------------------------------------------------
Finished applying 'set_property' XDC Constraints : Time (s): cpu = 00:00:29 ; elapsed = 00:00:53 . Memory (MB): peak = 1218.379 ; gain = 81.898
---------------------------------------------------------------------------------
WARNING: [Synth 8-6040] Register i_rtl.i_quarter_table.i_has_sin.i_addr_mod_stage1.mod_sin_addr_reg driving address of a ROM cannot be packed in BRAM/URAM because of presence of initial value.
WARNING: [Synth 8-6040] Register i_rtl.i_quarter_table.i_has_cos.i_addr_mod_stage1.mod_cos_addr_reg driving address of a ROM cannot be packed in BRAM/URAM because of presence of initial value.
---------------------------------------------------------------------------------
Finished RTL Optimization Phase 2 : Time (s): cpu = 00:00:31 ; elapsed = 00:00:58 . Memory (MB): peak = 1218.379 ; gain = 81.898
---------------------------------------------------------------------------------
---------------------------------------------------------------------------------
Start RTL Component Statistics 
---------------------------------------------------------------------------------
---------------------------------------------------------------------------------
Finished RTL Component Statistics 
---------------------------------------------------------------------------------
---------------------------------------------------------------------------------
Start Part Resource Summary
---------------------------------------------------------------------------------
Part Resources:
DSPs: 220 (col length:60)
BRAMs: 280 (col length: RAMB18 60 RAMB36 30)
---------------------------------------------------------------------------------
Finished Part Resource Summary
---------------------------------------------------------------------------------
---------------------------------------------------------------------------------
Start Cross Boundary and Area Optimization
---------------------------------------------------------------------------------
---------------------------------------------------------------------------------
Finished Cross Boundary and Area Optimization : Time (s): cpu = 00:00:33 ; elapsed = 00:01:00 . Memory (MB): peak = 1218.379 ; gain = 81.898
---------------------------------------------------------------------------------
---------------------------------------------------------------------------------
Start Applying XDC Timing Constraints
---------------------------------------------------------------------------------
---------------------------------------------------------------------------------
Finished Applying XDC Timing Constraints : Time (s): cpu = 00:00:38 ; elapsed = 00:01:06 . Memory (MB): peak = 1218.379 ; gain = 81.898
---------------------------------------------------------------------------------
---------------------------------------------------------------------------------
Start Timing Optimization
---------------------------------------------------------------------------------
---------------------------------------------------------------------------------
Finished Timing Optimization : Time (s): cpu = 00:00:39 ; elapsed = 00:01:06 . Memory (MB): peak = 1218.379 ; gain = 81.898
---------------------------------------------------------------------------------
---------------------------------------------------------------------------------
Start Technology Mapping
---------------------------------------------------------------------------------
---------------------------------------------------------------------------------
Finished Technology Mapping : Time (s): cpu = 00:00:39 ; elapsed = 00:01:06 . Memory (MB): peak = 1218.379 ; gain = 81.898
---------------------------------------------------------------------------------
---------------------------------------------------------------------------------
Start IO Insertion
---------------------------------------------------------------------------------
---------------------------------------------------------------------------------
Start Flattening Before IO Insertion
---------------------------------------------------------------------------------
---------------------------------------------------------------------------------
Finished Flattening Before IO Insertion
---------------------------------------------------------------------------------
---------------------------------------------------------------------------------
Start Final Netlist Cleanup
---------------------------------------------------------------------------------
---------------------------------------------------------------------------------
Finished Final Netlist Cleanup
---------------------------------------------------------------------------------
---------------------------------------------------------------------------------
Finished IO Insertion : Time (s): cpu = 00:00:42 ; elapsed = 00:01:10 . Memory (MB): peak = 1218.379 ; gain = 81.898
---------------------------------------------------------------------------------
---------------------------------------------------------------------------------
Start Renaming Generated Instances
---------------------------------------------------------------------------------
---------------------------------------------------------------------------------
Finished Renaming Generated Instances : Time (s): cpu = 00:00:42 ; elapsed = 00:01:10 . Memory (MB): peak = 1218.379 ; gain = 81.898
---------------------------------------------------------------------------------
---------------------------------------------------------------------------------
Start Rebuilding User Hierarchy
---------------------------------------------------------------------------------
---------------------------------------------------------------------------------
Finished Rebuilding User Hierarchy : Time (s): cpu = 00:00:42 ; elapsed = 00:01:10 . Memory (MB): peak = 1218.379 ; gain = 81.898
---------------------------------------------------------------------------------
---------------------------------------------------------------------------------
Start Renaming Generated Ports
---------------------------------------------------------------------------------
---------------------------------------------------------------------------------
Finished Renaming Generated Ports : Time (s): cpu = 00:00:42 ; elapsed = 00:01:10 . Memory (MB): peak = 1218.379 ; gain = 81.898
---------------------------------------------------------------------------------
---------------------------------------------------------------------------------
Start Handling Custom Attributes
---------------------------------------------------------------------------------
---------------------------------------------------------------------------------
Finished Handling Custom Attributes : Time (s): cpu = 00:00:42 ; elapsed = 00:01:10 . Memory (MB): peak = 1218.379 ; gain = 81.898
---------------------------------------------------------------------------------
---------------------------------------------------------------------------------
Start Renaming Generated Nets
---------------------------------------------------------------------------------
---------------------------------------------------------------------------------
Finished Renaming Generated Nets : Time (s): cpu = 00:00:42 ; elapsed = 00:01:10 . Memory (MB): peak = 1218.379 ; gain = 81.898
---------------------------------------------------------------------------------
---------------------------------------------------------------------------------
Start Writing Synthesis Report
---------------------------------------------------------------------------------

Report BlackBoxes: 
+-+--------------+----------+
| |BlackBox name |Instances |
+-+--------------+----------+
+-+--------------+----------+

Report Cell Usage: 
+------+---------+------+
|      |Cell     |Count |
+------+---------+------+
|1     |CARRY4   |    18|
|2     |LUT2     |   104|
|3     |LUT3     |    17|
|4     |LUT4     |     7|
|5     |LUT5     |     7|
|6     |LUT6     |    12|
|7     |RAMB18E1 |     1|
|8     |RAMB36E1 |     7|
|15    |SRL16E   |     3|
|16    |FDRE     |   297|
+------+---------+------+
---------------------------------------------------------------------------------
Finished Writing Synthesis Report : Time (s): cpu = 00:00:42 ; elapsed = 00:01:10 . Memory (MB): peak = 1218.379 ; gain = 81.898
---------------------------------------------------------------------------------
Synthesis finished with 0 errors, 0 critical warnings and 2 warnings.
Synthesis Optimization Runtime : Time (s): cpu = 00:00:17 ; elapsed = 00:01:07 . Memory (MB): peak = 1218.379 ; gain = 12.480
Synthesis Optimization Complete : Time (s): cpu = 00:00:42 ; elapsed = 00:01:10 . Memory (MB): peak = 1218.379 ; gain = 81.898
INFO: [Project 1-571] Translating synthesized netlist
Netlist sorting complete. Time (s): cpu = 00:00:00 ; elapsed = 00:00:00.009 . Memory (MB): peak = 1218.379 ; gain = 0.000
INFO: [Netlist 29-17] Analyzing 26 Unisim elements for replacement
INFO: [Netlist 29-28] Unisim Transformation completed in 0 CPU seconds
INFO: [Project 1-570] Preparing netlist for logic optimization
INFO: [Opt 31-138] Pushed 0 inverter(s) to 0 load pin(s).
Netlist sorting complete. Time (s): cpu = 00:00:00 ; elapsed = 00:00:00 . Memory (MB): peak = 1218.379 ; gain = 0.000
INFO: [Project 1-111] Unisim Transformation Summary:
No Unisim elements were transformed.

Synth Design complete, checksum: 372520d2
INFO: [Common 17-83] Releasing license: Synthesis
17 Infos, 9 Warnings, 0 Critical Warnings and 0 Errors encountered.
synth_design completed successfully
synth_design: Time (s): cpu = 00:00:47 ; elapsed = 00:01:16 . Memory (MB): peak = 1218.379 ; gain = 81.898
INFO: [Common 17-1381] The checkpoint 'C:/Users/shtomer/WIS_work/WIP/build_Test/projectHW_ADC_build/adc/adc.runs/projectHW_dds_compiler_0_0_synth_1/projectHW_dds_compiler_0_0.dcp' has been generated.
INFO: [Coretcl 2-1648] Added synthesis output to IP cache for IP projectHW_dds_compiler_0_0, cache-ID = 7e0ecbda58c00e5b
INFO: [Coretcl 2-1174] Renamed 25 cell refs.
INFO: [Common 17-1381] The checkpoint 'C:/Users/shtomer/WIS_work/WIP/build_Test/projectHW_ADC_build/adc/adc.runs/projectHW_dds_compiler_0_0_synth_1/projectHW_dds_compiler_0_0.dcp' has been generated.
INFO: [runtcl-4] Executing : report_utilization -file projectHW_dds_compiler_0_0_utilization_synth.rpt -pb projectHW_dds_compiler_0_0_utilization_synth.pb
INFO: [Common 17-206] Exiting Vivado at Mon Jun 29 12:03:41 2026...
