Copyright 1986-2021 Xilinx, Inc. All Rights Reserved.
-------------------------------------------------------------------------------------------------------------------------------------------------------------------------
| Tool Version     : Vivado v.2021.1 (win64) Build 3247384 Thu Jun 10 19:36:33 MDT 2021
| Date             : Sun Jul 19 16:22:22 2026
| Host             : CS-RO-PC29 running 64-bit major release  (build 9200)
| Command          : report_power -file projectHW_wrapper_power_routed.rpt -pb projectHW_wrapper_power_summary_routed.pb -rpx projectHW_wrapper_power_routed.rpx
| Design           : projectHW_wrapper
| Device           : xc7z020clg400-1
| Design State     : routed
| Grade            : commercial
| Process          : typical
| Characterization : Production
-------------------------------------------------------------------------------------------------------------------------------------------------------------------------

Power Report

Table of Contents
-----------------
1. Summary
1.1 On-Chip Components
1.2 Power Supply Summary
1.3 Confidence Level
2. Settings
2.1 Environment
2.2 Clock Constraints
3. Detailed Reports
3.1 By Hierarchy

1. Summary
----------

+--------------------------+--------------+
| Total On-Chip Power (W)  | 3.033        |
| Design Power Budget (W)  | Unspecified* |
| Power Budget Margin (W)  | NA           |
| Dynamic (W)              | 2.839        |
| Device Static (W)        | 0.194        |
| Effective TJA (C/W)      | 11.5         |
| Max Ambient (C)          | 50.0         |
| Junction Temperature (C) | 60.0         |
| Confidence Level         | Low          |
| Setting File             | ---          |
| Simulation Activity File | ---          |
| Design Nets Matched      | NA           |
+--------------------------+--------------+
* Specify Design Power Budget using, set_operating_conditions -design_power_budget <value in Watts>


1.1 On-Chip Components
----------------------

+--------------------------+-----------+----------+-----------+-----------------+
| On-Chip                  | Power (W) | Used     | Available | Utilization (%) |
+--------------------------+-----------+----------+-----------+-----------------+
| Clocks                   |     0.018 |        4 |       --- |             --- |
| Slice Logic              |     0.007 |     7100 |       --- |             --- |
|   LUT as Logic           |     0.005 |     1943 |     53200 |            3.65 |
|   Register               |    <0.001 |     3776 |    106400 |            3.55 |
|   LUT as Shift Register  |    <0.001 |      166 |     17400 |            0.95 |
|   CARRY4                 |    <0.001 |       96 |     13300 |            0.72 |
|   BUFG                   |    <0.001 |        2 |        32 |            6.25 |
|   LUT as Distributed RAM |    <0.001 |       24 |     17400 |            0.14 |
|   F7/F8 Muxes            |    <0.001 |        3 |     53200 |           <0.01 |
|   Others                 |     0.000 |      551 |       --- |             --- |
| Signals                  |     0.018 |     5390 |       --- |             --- |
| Block RAM                |     0.019 |       22 |       140 |           15.71 |
| I/O                      |     1.244 |      102 |       125 |           81.60 |
| PS7                      |     1.533 |        1 |       --- |             --- |
| Static Power             |     0.194 |          |           |                 |
| Total                    |     3.033 |          |           |                 |
+--------------------------+-----------+----------+-----------+-----------------+


1.2 Power Supply Summary
------------------------

+-----------+-------------+-----------+-------------+------------+-------------+-------------+------------+
| Source    | Voltage (V) | Total (A) | Dynamic (A) | Static (A) | Powerup (A) | Budget (A)  | Margin (A) |
+-----------+-------------+-----------+-------------+------------+-------------+-------------+------------+
| Vccint    |       1.000 |     0.101 |       0.072 |      0.029 |       NA    | Unspecified | NA         |
| Vccaux    |       1.800 |     0.039 |       0.018 |      0.021 |       NA    | Unspecified | NA         |
| Vcco33    |       3.300 |     0.000 |       0.000 |      0.000 |       NA    | Unspecified | NA         |
| Vcco25    |       2.500 |     0.481 |       0.480 |      0.001 |       NA    | Unspecified | NA         |
| Vcco18    |       1.800 |     0.000 |       0.000 |      0.000 |       NA    | Unspecified | NA         |
| Vcco15    |       1.500 |     0.000 |       0.000 |      0.000 |       NA    | Unspecified | NA         |
| Vcco135   |       1.350 |     0.000 |       0.000 |      0.000 |       NA    | Unspecified | NA         |
| Vcco12    |       1.200 |     0.000 |       0.000 |      0.000 |       NA    | Unspecified | NA         |
| Vccaux_io |       1.800 |     0.000 |       0.000 |      0.000 |       NA    | Unspecified | NA         |
| Vccbram   |       1.000 |     0.006 |       0.001 |      0.004 |       NA    | Unspecified | NA         |
| MGTAVcc   |       1.000 |     0.000 |       0.000 |      0.000 |       NA    | Unspecified | NA         |
| MGTAVtt   |       1.200 |     0.000 |       0.000 |      0.000 |       NA    | Unspecified | NA         |
| MGTVccaux |       1.800 |     0.000 |       0.000 |      0.000 |       NA    | Unspecified | NA         |
| Vccpint   |       1.000 |     0.770 |       0.719 |      0.051 |       NA    | Unspecified | NA         |
| Vccpaux   |       1.800 |     0.062 |       0.052 |      0.010 |       NA    | Unspecified | NA         |
| Vccpll    |       1.800 |     0.017 |       0.014 |      0.003 |       NA    | Unspecified | NA         |
| Vcco_ddr  |       1.500 |     0.459 |       0.457 |      0.002 |       NA    | Unspecified | NA         |
| Vcco_mio0 |       3.300 |     0.003 |       0.002 |      0.001 |       NA    | Unspecified | NA         |
| Vcco_mio1 |       2.500 |     0.003 |       0.002 |      0.001 |       NA    | Unspecified | NA         |
| Vccadc    |       1.800 |     0.020 |       0.000 |      0.020 |       NA    | Unspecified | NA         |
+-----------+-------------+-----------+-------------+------------+-------------+-------------+------------+


1.3 Confidence Level
--------------------

+-----------------------------+------------+--------------------------------------------------------+--------------------------------------------------------------------------------------------------------------------+
| User Input Data             | Confidence | Details                                                | Action                                                                                                             |
+-----------------------------+------------+--------------------------------------------------------+--------------------------------------------------------------------------------------------------------------------+
| Design implementation state | High       | Design is routed                                       |                                                                                                                    |
| Clock nodes activity        | Medium     | More than 5% of clocks are missing user specification  | Provide missing clock activity with a constraint file, simulation results or by editing the "By Clock Domain" view |
| I/O nodes activity          | Low        | More than 75% of inputs are missing user specification | Provide missing input activity with simulation results or by editing the "By Resource Type -> I/Os" view           |
| Internal nodes activity     | Medium     | User specified less than 25% of internal nodes         | Provide missing internal nodes activity with simulation results or by editing the "By Resource Type" views         |
| Device models               | High       | Device models are Production                           |                                                                                                                    |
|                             |            |                                                        |                                                                                                                    |
| Overall confidence level    | Low        |                                                        |                                                                                                                    |
+-----------------------------+------------+--------------------------------------------------------+--------------------------------------------------------------------------------------------------------------------+


2. Settings
-----------

2.1 Environment
---------------

+-----------------------+------------------------+
| Ambient Temp (C)      | 25.0                   |
| ThetaJA (C/W)         | 11.5                   |
| Airflow (LFM)         | 250                    |
| Heat Sink             | none                   |
| ThetaSA (C/W)         | 0.0                    |
| Board Selection       | medium (10"x10")       |
| # of Board Layers     | 8to11 (8 to 11 Layers) |
| Board Temperature (C) | 25.0                   |
+-----------------------+------------------------+


2.2 Clock Constraints
---------------------

+--------------------------------------------------------------------------------------------+----------------------------------------------------------------------+-----------------+
| Clock                                                                                      | Domain                                                               | Constraint (ns) |
+--------------------------------------------------------------------------------------------+----------------------------------------------------------------------+-----------------+
| clk_fpga_0                                                                                 | projectHW_i/processing_system7_0/inst/FCLK_CLK_unbuffered[0]         |             8.0 |
| dbg_hub/inst/BSCANID.u_xsdbm_id/SWITCH_N_EXT_BSCAN.bscan_inst/SERIES7_BSCAN.bscan_inst/TCK | dbg_hub/inst/BSCANID.u_xsdbm_id/SWITCH_N_EXT_BSCAN.bscan_inst/tck_bs |            33.0 |
+--------------------------------------------------------------------------------------------+----------------------------------------------------------------------+-----------------+


3. Detailed Reports
-------------------

3.1 By Hierarchy
----------------

+---------------------------------+-----------+
| Name                            | Power (W) |
+---------------------------------+-----------+
| projectHW_wrapper               |     2.839 |
|   dbg_hub                       |     0.003 |
|     inst                        |     0.003 |
|       BSCANID.u_xsdbm_id        |     0.003 |
|   projectHW_i                   |     2.836 |
|     ADC_CLK                     |     0.002 |
|       U0                        |     0.002 |
|     ADC_OR                      |     0.002 |
|       U0                        |     0.002 |
|     DAC1_BUF_OUT                |     0.603 |
|       inst                      |     0.603 |
|     DAC2_BUF_OUT                |     0.603 |
|       inst                      |     0.603 |
|     FPGA_CLK_BUF                |     0.002 |
|       U0                        |     0.002 |
|     ST_0                        |     0.028 |
|       CH_AB                     |     0.011 |
|       CH_CD                     |     0.011 |
|       DDS_CTRL_AB               |     0.001 |
|       DDS_CTRL_CD               |     0.001 |
|       INTERLEAVE_0              |     0.004 |
|     axi_interconnect_0          |     0.007 |
|       s00_couplers              |     0.005 |
|       xbar                      |     0.001 |
|     ila_0                       |     0.019 |
|       inst                      |     0.019 |
|     processing_system7_0        |     1.534 |
|       inst                      |     1.534 |
|     selectio_wiz_ADCDATA_13to10 |     0.010 |
|       inst                      |     0.010 |
|     selectio_wiz_ADCDATA_5to0   |     0.015 |
|       inst                      |     0.015 |
|     selectio_wiz_ADCDATA_9to6   |     0.010 |
|       inst                      |     0.010 |
+---------------------------------+-----------+


